<?xml version="1.0" encoding="UTF-8"?>
<!-- Generated by org.testng.reporters.JUnitReportReporter -->
<testsuite hostname="Babus-iMac.local" failures="0" tests="4" name="Practice.TestNGTest" time="0.006" errors="0" timestamp="2024-07-08T20:21:09 IST" skipped="1">
  <testcase classname="Practice.TestNGTest" name="deleteContactTest" time="0.001"/>
  <testcase classname="Practice.TestNGTest" name="createContactTest" time="0.005"/>
  <testcase classname="Practice.TestNGTest" name="createContactTest" time="0.000"/>
  <testcase classname="Practice.TestNGTest" name="modifyContactTest">
    <skipped/>
  </testcase> <!-- modifyContactTest -->
</testsuite> <!-- Practice.TestNGTest -->
