<?xml version="1.0" encoding="UTF-8"?>
<!-- Generated by org.testng.reporters.JUnitReportReporter -->
<testsuite hostname="Babus-iMac.local" failures="0" tests="3" name="Practice.DataProviderEx1" time="0.004" errors="0" timestamp="2024-07-08T20:56:46 IST" skipped="0">
  <testcase classname="Practice.DataProviderEx1" name="bookTickets" time="0.003"/>
  <testcase classname="Practice.DataProviderEx1" name="bookTickets" time="0.001"/>
  <testcase classname="Practice.DataProviderEx1" name="bookTickets" time="0.000"/>
</testsuite> <!-- Practice.DataProviderEx1 -->
